2022-12-03 20:32:53,255 INFO org.springframework.boot.StartupInfoLogger [restartedMain] Starting Grupo1ABackendApplication using Java 17.0.4.1 on Nelsons-MBP.lan with PID 99551 (/Users/nelson/Documents/UPC/programacion-reactiva/github/grupo-1-A-backend/target/classes started by nelson in /Users/nelson/Documents/UPC/programacion-reactiva/github/grupo-1-A-backend)
2022-12-03 20:32:53,256 DEBUG org.springframework.boot.StartupInfoLogger [restartedMain] Running with Spring Boot v2.7.5, Spring v5.3.23
2022-12-03 20:32:53,256 INFO org.springframework.boot.SpringApplication [restartedMain] No active profile set, falling back to 1 default profile: "default"
2022-12-03 20:32:53,282 INFO org.springframework.boot.logging.DeferredLog [restartedMain] Devtools property defaults active! Set 'spring.devtools.add-properties' to 'false' to disable
2022-12-03 20:32:53,282 INFO org.springframework.boot.logging.DeferredLog [restartedMain] For additional web related logging consider setting the 'logging.level.web' property to 'DEBUG'
2022-12-03 20:32:53,811 INFO org.springframework.data.repository.config.RepositoryConfigurationDelegate [restartedMain] Bootstrapping Spring Data JPA repositories in DEFAULT mode.
2022-12-03 20:32:53,850 INFO org.springframework.data.repository.config.RepositoryConfigurationDelegate [restartedMain] Finished Spring Data repository scanning in 34 ms. Found 5 JPA repository interfaces.
2022-12-03 20:32:54,192 INFO org.springframework.boot.web.embedded.tomcat.TomcatWebServer [restartedMain] Tomcat initialized with port(s): 8080 (http)
2022-12-03 20:32:54,197 INFO org.apache.juli.logging.DirectJDKLog [restartedMain] Initializing ProtocolHandler ["http-nio-8080"]
2022-12-03 20:32:54,198 INFO org.apache.juli.logging.DirectJDKLog [restartedMain] Starting service [Tomcat]
2022-12-03 20:32:54,198 INFO org.apache.juli.logging.DirectJDKLog [restartedMain] Starting Servlet engine: [Apache Tomcat/9.0.68]
2022-12-03 20:32:54,288 INFO org.apache.juli.logging.DirectJDKLog [restartedMain] Initializing Spring embedded WebApplicationContext
2022-12-03 20:32:54,288 INFO org.springframework.boot.web.servlet.context.ServletWebServerApplicationContext [restartedMain] Root WebApplicationContext: initialization completed in 1006 ms
2022-12-03 20:32:54,372 INFO org.hibernate.jpa.internal.util.LogHelper [restartedMain] HHH000204: Processing PersistenceUnitInfo [name: default]
2022-12-03 20:32:54,398 INFO org.hibernate.Version [restartedMain] HHH000412: Hibernate ORM core version 5.6.12.Final
2022-12-03 20:32:54,473 INFO org.hibernate.annotations.common.reflection.java.JavaReflectionManager [restartedMain] HCANN000001: Hibernate Commons Annotations {5.1.2.Final}
2022-12-03 20:32:54,519 INFO com.zaxxer.hikari.HikariDataSource [restartedMain] HikariPool-1 - Starting...
2022-12-03 20:32:54,685 INFO com.zaxxer.hikari.HikariDataSource [restartedMain] HikariPool-1 - Start completed.
2022-12-03 20:32:54,700 INFO org.hibernate.dialect.Dialect [restartedMain] HHH000400: Using dialect: org.hibernate.dialect.PostgreSQLDialect
2022-12-03 20:32:54,920 WARN org.hibernate.mapping.RootClass [restartedMain] HHH000038: Composite-id class does not override equals(): com.grupo1a.grupo1abackend.entidades.CursoProfesorKey
2022-12-03 20:32:54,920 WARN org.hibernate.mapping.RootClass [restartedMain] HHH000039: Composite-id class does not override hashCode(): com.grupo1a.grupo1abackend.entidades.CursoProfesorKey
2022-12-03 20:32:54,920 WARN org.hibernate.mapping.RootClass [restartedMain] HHH000038: Composite-id class does not override equals(): com.grupo1a.grupo1abackend.entidades.AsistenciaKey
2022-12-03 20:32:54,920 WARN org.hibernate.mapping.RootClass [restartedMain] HHH000039: Composite-id class does not override hashCode(): com.grupo1a.grupo1abackend.entidades.AsistenciaKey
2022-12-03 20:32:54,921 WARN org.hibernate.mapping.RootClass [restartedMain] HHH000038: Composite-id class does not override equals(): com.grupo1a.grupo1abackend.entidades.NotaKey
2022-12-03 20:32:54,921 WARN org.hibernate.mapping.RootClass [restartedMain] HHH000039: Composite-id class does not override hashCode(): com.grupo1a.grupo1abackend.entidades.NotaKey
2022-12-03 20:32:54,921 WARN org.hibernate.mapping.RootClass [restartedMain] HHH000038: Composite-id class does not override equals(): com.grupo1a.grupo1abackend.entidades.AlumnoCursoKey
2022-12-03 20:32:54,921 WARN org.hibernate.mapping.RootClass [restartedMain] HHH000039: Composite-id class does not override hashCode(): com.grupo1a.grupo1abackend.entidades.AlumnoCursoKey
2022-12-03 20:32:56,260 INFO org.hibernate.engine.transaction.jta.platform.internal.JtaPlatformInitiator [restartedMain] HHH000490: Using JtaPlatform implementation: [org.hibernate.engine.transaction.jta.platform.internal.NoJtaPlatform]
2022-12-03 20:32:56,266 INFO org.springframework.orm.jpa.AbstractEntityManagerFactoryBean [restartedMain] Initialized JPA EntityManagerFactory for persistence unit 'default'
2022-12-03 20:32:56,534 WARN org.springframework.boot.autoconfigure.orm.jpa.JpaBaseConfiguration$JpaWebConfiguration [restartedMain] spring.jpa.open-in-view is enabled by default. Therefore, database queries may be performed during view rendering. Explicitly configure spring.jpa.open-in-view to disable this warning
2022-12-03 20:32:56,907 INFO org.springframework.boot.devtools.autoconfigure.OptionalLiveReloadServer [restartedMain] LiveReload server is running on port 35729
2022-12-03 20:32:56,917 INFO org.apache.juli.logging.DirectJDKLog [restartedMain] Starting ProtocolHandler ["http-nio-8080"]
2022-12-03 20:32:56,929 INFO org.springframework.boot.web.embedded.tomcat.TomcatWebServer [restartedMain] Tomcat started on port(s): 8080 (http) with context path ''
2022-12-03 20:32:56,936 INFO org.springframework.boot.StartupInfoLogger [restartedMain] Started Grupo1ABackendApplication in 3.943 seconds (JVM running for 4.47)
2022-12-03 20:33:21,691 INFO org.apache.juli.logging.DirectJDKLog [http-nio-8080-exec-1] Initializing Spring DispatcherServlet 'dispatcherServlet'
2022-12-03 20:33:21,692 INFO org.springframework.web.servlet.FrameworkServlet [http-nio-8080-exec-1] Initializing Servlet 'dispatcherServlet'
2022-12-03 20:33:21,694 INFO org.springframework.web.servlet.FrameworkServlet [http-nio-8080-exec-1] Completed initialization in 2 ms
2022-12-03 20:33:21,719 INFO com.grupo1a.grupo1abackend.rest.ProfesorRest [http-nio-8080-exec-1] Se llamó a listar todos los profesores
2022-12-03 20:33:23,812 INFO com.grupo1a.grupo1abackend.rest.ProfesorRest [http-nio-8080-exec-2] Se llamó a listar todos los profesores
2022-12-03 20:33:28,068 INFO com.grupo1a.grupo1abackend.rest.ProfesorRest [http-nio-8080-exec-3] Se llamó a listar todos los profesores
2022-12-03 20:33:35,181 INFO com.grupo1a.grupo1abackend.rest.ProfesorRest [http-nio-8080-exec-5] Se llamó al método de registrar profesor
2022-12-03 20:33:37,808 INFO com.grupo1a.grupo1abackend.rest.ProfesorRest [http-nio-8080-exec-6] Se llamó a listar todos los profesores
2022-12-03 20:33:42,957 INFO com.grupo1a.grupo1abackend.rest.ProfesorRest [http-nio-8080-exec-8] Se llamó al método de registrar profesor
2022-12-03 20:33:42,993 INFO com.grupo1a.grupo1abackend.rest.ProfesorRest [http-nio-8080-exec-9] Se llamó a listar todos los profesores
2022-12-03 20:35:56,240 INFO com.grupo1a.grupo1abackend.rest.ProfesorRest [http-nio-8080-exec-2] Se llamó a listar todos los profesores
2022-12-03 20:36:14,970 INFO com.grupo1a.grupo1abackend.rest.ProfesorRest [http-nio-8080-exec-4] Se llamó a listar todos los profesores
2022-12-03 20:39:17,208 INFO com.grupo1a.grupo1abackend.rest.ProfesorRest [http-nio-8080-exec-5] Se llamó a listar todos los profesores
2022-12-03 20:39:31,514 INFO com.grupo1a.grupo1abackend.rest.ProfesorRest [http-nio-8080-exec-6] Se llamó a listar todos los profesores
2022-12-03 20:41:21,121 INFO com.grupo1a.grupo1abackend.rest.ProfesorRest [http-nio-8080-exec-8] Se llamó a listar todos los profesores
2022-12-03 20:42:12,152 INFO com.grupo1a.grupo1abackend.rest.ProfesorRest [http-nio-8080-exec-9] Se llamó a listar todos los profesores
2022-12-03 20:42:54,549 INFO com.grupo1a.grupo1abackend.rest.ProfesorRest [http-nio-8080-exec-10] Se llamó a listar todos los profesores
2022-12-03 20:43:43,537 INFO com.grupo1a.grupo1abackend.rest.ProfesorRest [http-nio-8080-exec-1] Se llamó a listar todos los profesores
2022-12-03 20:52:24,138 WARN com.zaxxer.hikari.pool.HikariPool$HouseKeeper [HikariPool-1 housekeeper] HikariPool-1 - Thread starvation or clock leap detected (housekeeper delta=2m59s204ms).
2022-12-03 20:53:29,469 INFO com.grupo1a.grupo1abackend.rest.ProfesorRest [http-nio-8080-exec-4] Se llamó a listar todos los profesores
2022-12-03 20:54:37,472 INFO com.grupo1a.grupo1abackend.rest.ProfesorRest [http-nio-8080-exec-5] Se llamó a listar todos los profesores
2022-12-03 20:55:35,096 INFO com.grupo1a.grupo1abackend.rest.ProfesorRest [http-nio-8080-exec-6] Se llamó a listar todos los profesores
2022-12-03 20:56:08,560 INFO com.grupo1a.grupo1abackend.rest.ProfesorRest [http-nio-8080-exec-7] Se llamó a listar todos los profesores
2022-12-03 20:56:40,742 INFO com.grupo1a.grupo1abackend.rest.ProfesorRest [http-nio-8080-exec-8] Se llamó al método de registrar profesor
2022-12-03 20:58:58,639 INFO com.grupo1a.grupo1abackend.rest.ProfesorRest [http-nio-8080-exec-2] Se llamó a listar todos los profesores
2022-12-03 20:59:35,740 INFO com.grupo1a.grupo1abackend.rest.ProfesorRest [http-nio-8080-exec-4] Se llamó a listar todos los profesores
2022-12-03 21:00:06,696 INFO com.grupo1a.grupo1abackend.rest.ProfesorRest [http-nio-8080-exec-3] Se llamó al método de registrar profesor
2022-12-03 21:00:17,252 INFO com.grupo1a.grupo1abackend.rest.ProfesorRest [http-nio-8080-exec-7] Se llamó a listar todos los profesores
2022-12-03 21:00:45,157 INFO com.grupo1a.grupo1abackend.rest.ProfesorRest [http-nio-8080-exec-8] Se llamó a listar todos los profesores
2022-12-03 21:00:49,335 INFO com.grupo1a.grupo1abackend.rest.ProfesorRest [http-nio-8080-exec-9] Se llamó a listar todos los profesores
2022-12-03 21:00:53,063 INFO com.grupo1a.grupo1abackend.rest.ProfesorRest [http-nio-8080-exec-10] Se llamó a listar todos los profesores
2022-12-03 21:01:13,090 INFO com.grupo1a.grupo1abackend.rest.ProfesorRest [http-nio-8080-exec-1] Se llamó a listar todos los profesores
2022-12-03 21:01:30,995 INFO com.grupo1a.grupo1abackend.rest.ProfesorRest [http-nio-8080-exec-2] Se llamó a listar todos los profesores
2022-12-03 21:01:35,991 INFO com.grupo1a.grupo1abackend.rest.ProfesorRest [http-nio-8080-exec-4] Se llamó a listar todos los profesores
2022-12-03 21:01:39,545 INFO com.grupo1a.grupo1abackend.rest.ProfesorRest [http-nio-8080-exec-3] Se llamó a listar todos los profesores
2022-12-03 21:01:43,459 INFO com.grupo1a.grupo1abackend.rest.ProfesorRest [http-nio-8080-exec-5] Se llamó a listar todos los profesores
2022-12-03 21:02:06,688 INFO com.grupo1a.grupo1abackend.rest.ProfesorRest [http-nio-8080-exec-6] Se llamó a listar todos los profesores
2022-12-03 21:02:11,048 INFO com.grupo1a.grupo1abackend.rest.ProfesorRest [http-nio-8080-exec-7] Se llamó a listar todos los profesores
2022-12-03 21:04:11,776 INFO com.grupo1a.grupo1abackend.rest.ProfesorRest [http-nio-8080-exec-9] Se llamó a listar todos los profesores
2022-12-03 21:04:48,914 INFO com.grupo1a.grupo1abackend.rest.ProfesorRest [http-nio-8080-exec-10] Se llamó a listar todos los profesores
2022-12-03 21:05:10,867 INFO com.grupo1a.grupo1abackend.rest.ProfesorRest [http-nio-8080-exec-1] Se llamó a listar todos los profesores
2022-12-03 21:05:15,128 INFO com.grupo1a.grupo1abackend.rest.ProfesorRest [http-nio-8080-exec-2] Se llamó a listar todos los profesores
2022-12-03 21:05:37,690 INFO com.grupo1a.grupo1abackend.rest.ProfesorRest [http-nio-8080-exec-4] Se llamó al método de registrar profesor
2022-12-03 21:05:37,766 INFO com.grupo1a.grupo1abackend.rest.ProfesorRest [http-nio-8080-exec-3] Se llamó a listar todos los profesores
2022-12-03 23:12:39,052 INFO com.grupo1a.grupo1abackend.rest.ProfesorRest [http-nio-8080-exec-6] Se llamó a listar todos los profesores
2022-12-03 23:26:34,626 INFO com.grupo1a.grupo1abackend.rest.ProfesorRest [http-nio-8080-exec-8] Se llamó a listar todos los profesores
2022-12-03 23:40:58,582 INFO com.grupo1a.grupo1abackend.rest.ProfesorRest [http-nio-8080-exec-5] Se llamó a listar todos los profesores
2022-12-03 23:40:59,812 INFO com.grupo1a.grupo1abackend.rest.ProfesorRest [http-nio-8080-exec-7] Se llamó a listar todos los profesores
2022-12-03 23:41:03,930 INFO com.grupo1a.grupo1abackend.rest.ProfesorRest [http-nio-8080-exec-9] Se llamó a listar todos los profesores
2022-12-03 23:41:11,509 INFO com.grupo1a.grupo1abackend.rest.ProfesorRest [http-nio-8080-exec-1] Se llamó a listar todos los profesores
2022-12-03 23:46:06,826 INFO com.grupo1a.grupo1abackend.rest.ProfesorRest [http-nio-8080-exec-5] Se llamó a listar todos los profesores
2022-12-03 23:46:08,667 INFO com.grupo1a.grupo1abackend.rest.ProfesorRest [http-nio-8080-exec-7] Se llamó a listar todos los profesores
